<?xml version="1.0" encoding="UTF-8"?>
<!-- Generated by org.testng.reporters.JUnitReportReporter -->
<testsuite hostname="VIV-P22017" failures="0" tests="1" name="com.example.jenkins.demo.SampleSeleniumTest" time="6.492" errors="0" timestamp="2022-05-24T17:50:21 CEST" skipped="0">
  <testcase classname="com.example.jenkins.demo.SampleSeleniumTest" name="validateGoogleId" time="6.492"/>
  <system-out/>
</testsuite> <!-- com.example.jenkins.demo.SampleSeleniumTest -->
