<?xml version="1.0" encoding="UTF-8"?>
<!-- Generated by org.testng.reporters.JUnitReportReporter -->
<testsuite hostname="VIV-P22017" failures="0" tests="2" name="com.example.jenkins.demo.JenkinsCalcTest" time="0.010" errors="0" timestamp="2022-05-24T17:50:21 CEST" skipped="0">
  <testcase classname="com.example.jenkins.demo.JenkinsCalcTest" name="subtractTest" time="0.002"/>
  <system-out/>
  <testcase classname="com.example.jenkins.demo.JenkinsCalcTest" name="addTest" time="0.008"/>
  <system-out/>
</testsuite> <!-- com.example.jenkins.demo.JenkinsCalcTest -->
